2021/05/26 16:57:06 webserver.go:20: Defauting to port 
2021/05/26 16:57:06 webserver.go:23: Linstening on port 
2021/05/26 16:57:30 webserver.go:20: Defauting to port 8080
2021/05/26 16:57:30 webserver.go:23: Linstening on port 8080
2021/05/26 16:58:50 webserver.go:20: Defauting to port 8080
2021/05/26 16:58:50 webserver.go:23: Linstening on port 8080
2021/05/26 17:01:26 webserver.go:20: Defauting to port 8080
2021/05/26 17:01:26 webserver.go:23: Linstening on port 8080
2021/05/26 17:02:34 webserver.go:20: Defauting to port 8080
2021/05/26 17:02:34 webserver.go:23: Linstening on port 8080
2021/05/26 17:04:27 webserver.go:20: Defauting to port 8080
2021/05/26 17:04:27 webserver.go:23: Linstening on port 8080
2021/05/26 17:08:00 webserver.go:20: Defauting to port 8080
2021/05/26 17:08:00 webserver.go:23: Linstening on port 8080
2021/05/26 17:11:21 webserver.go:20: Defauting to port 8080
2021/05/26 17:11:21 webserver.go:23: Linstening on port 8080
2021/05/26 17:12:13 webserver.go:20: Defauting to port 8080
2021/05/26 17:12:13 webserver.go:23: Linstening on port 8080
2021/05/26 17:14:58 webserver.go:20: Defauting to port 8080
2021/05/26 17:14:58 webserver.go:23: Linstening on port 8080
2021/05/26 17:17:21 webserver.go:20: Defauting to port 8080
2021/05/26 17:17:21 webserver.go:23: Linstening on port 8080
2021/05/26 17:21:14 webserver.go:20: Defauting to port 8080
2021/05/26 17:21:14 webserver.go:23: Linstening on port 8080
2021/05/26 17:22:49 webserver.go:20: Defauting to port 8080
2021/05/26 17:22:49 webserver.go:23: Linstening on port 8080
2021/05/26 17:23:58 webserver.go:20: Defauting to port 8080
2021/05/26 17:23:58 webserver.go:23: Linstening on port 8080
2021/05/26 17:42:56 webserver.go:25: Defauting to port 8080
2021/05/26 17:42:56 webserver.go:27: Linstening on port 8080
2021/05/26 17:43:02 server.go:3139: http: panic serving [::1]:55550: open view/index.html: no such file or directory
goroutine 20 [running]:
net/http.(*conn).serve.func1(0xc00017ae60)
	/usr/local/Cellar/go/1.16.2/libexec/src/net/http/server.go:1824 +0x153
panic(0x141e060, 0xc00007e5a0)
	/usr/local/Cellar/go/1.16.2/libexec/src/runtime/panic.go:971 +0x499
text/template.Must(...)
	/usr/local/Cellar/go/1.16.2/libexec/src/text/template/helper.go:25
snsall/app/controllers.generateHTML(0x150b040, 0xc00020e0e0, 0x0, 0x0, 0xc0000afa88, 0x1, 0x1)
	/Users/keigo/Desktop/SNSALL/app/controllers/webserver.go:53 +0x3ee
snsall/app/controllers.index(0x150b040, 0xc00020e0e0, 0xc00019ab00)
	/Users/keigo/Desktop/SNSALL/app/controllers/webserver.go:42 +0x1d1
net/http.HandlerFunc.ServeHTTP(0x14a1d78, 0x150b040, 0xc00020e0e0, 0xc00019ab00)
	/usr/local/Cellar/go/1.16.2/libexec/src/net/http/server.go:2069 +0x44
net/http.(*ServeMux).ServeHTTP(0x1743c60, 0x150b040, 0xc00020e0e0, 0xc00019ab00)
	/usr/local/Cellar/go/1.16.2/libexec/src/net/http/server.go:2448 +0x1ad
net/http.serverHandler.ServeHTTP(0xc0001d60e0, 0x150b040, 0xc00020e0e0, 0xc00019ab00)
	/usr/local/Cellar/go/1.16.2/libexec/src/net/http/server.go:2887 +0xa3
net/http.(*conn).serve(0xc00017ae60, 0x150bae0, 0xc00019cc80)
	/usr/local/Cellar/go/1.16.2/libexec/src/net/http/server.go:1952 +0x8cd
created by net/http.(*Server).Serve
	/usr/local/Cellar/go/1.16.2/libexec/src/net/http/server.go:3013 +0x39b
2021/05/26 17:43:03 server.go:3139: http: panic serving [::1]:55564: open view/index.html: no such file or directory
goroutine 22 [running]:
net/http.(*conn).serve.func1(0xc00017b040)
	/usr/local/Cellar/go/1.16.2/libexec/src/net/http/server.go:1824 +0x153
panic(0x141e060, 0xc00007e9f0)
	/usr/local/Cellar/go/1.16.2/libexec/src/runtime/panic.go:971 +0x499
text/template.Must(...)
	/usr/local/Cellar/go/1.16.2/libexec/src/text/template/helper.go:25
snsall/app/controllers.generateHTML(0x150b040, 0xc0001d6540, 0x0, 0x0, 0xc0000b5a88, 0x1, 0x1)
	/Users/keigo/Desktop/SNSALL/app/controllers/webserver.go:53 +0x3ee
snsall/app/controllers.index(0x150b040, 0xc0001d6540, 0xc00019af00)
	/Users/keigo/Desktop/SNSALL/app/controllers/webserver.go:42 +0x1d1
net/http.HandlerFunc.ServeHTTP(0x14a1d78, 0x150b040, 0xc0001d6540, 0xc00019af00)
	/usr/local/Cellar/go/1.16.2/libexec/src/net/http/server.go:2069 +0x44
net/http.(*ServeMux).ServeHTTP(0x1743c60, 0x150b040, 0xc0001d6540, 0xc00019af00)
	/usr/local/Cellar/go/1.16.2/libexec/src/net/http/server.go:2448 +0x1ad
net/http.serverHandler.ServeHTTP(0xc0001d60e0, 0x150b040, 0xc0001d6540, 0xc00019af00)
	/usr/local/Cellar/go/1.16.2/libexec/src/net/http/server.go:2887 +0xa3
net/http.(*conn).serve(0xc00017b040, 0x150bae0, 0xc00019dd00)
	/usr/local/Cellar/go/1.16.2/libexec/src/net/http/server.go:1952 +0x8cd
created by net/http.(*Server).Serve
	/usr/local/Cellar/go/1.16.2/libexec/src/net/http/server.go:3013 +0x39b
2021/05/26 17:43:06 server.go:3139: http: panic serving [::1]:55574: open view/index.html: no such file or directory
goroutine 7 [running]:
net/http.(*conn).serve.func1(0xc0002a00a0)
	/usr/local/Cellar/go/1.16.2/libexec/src/net/http/server.go:1824 +0x153
panic(0x141e060, 0xc000210900)
	/usr/local/Cellar/go/1.16.2/libexec/src/runtime/panic.go:971 +0x499
text/template.Must(...)
	/usr/local/Cellar/go/1.16.2/libexec/src/text/template/helper.go:25
snsall/app/controllers.generateHTML(0x150b040, 0xc0002e20e0, 0x0, 0x0, 0xc0000b5a88, 0x1, 0x1)
	/Users/keigo/Desktop/SNSALL/app/controllers/webserver.go:53 +0x3ee
snsall/app/controllers.index(0x150b040, 0xc0002e20e0, 0xc0002e0000)
	/Users/keigo/Desktop/SNSALL/app/controllers/webserver.go:42 +0x1d1
net/http.HandlerFunc.ServeHTTP(0x14a1d78, 0x150b040, 0xc0002e20e0, 0xc0002e0000)
	/usr/local/Cellar/go/1.16.2/libexec/src/net/http/server.go:2069 +0x44
net/http.(*ServeMux).ServeHTTP(0x1743c60, 0x150b040, 0xc0002e20e0, 0xc0002e0000)
	/usr/local/Cellar/go/1.16.2/libexec/src/net/http/server.go:2448 +0x1ad
net/http.serverHandler.ServeHTTP(0xc0001d60e0, 0x150b040, 0xc0002e20e0, 0xc0002e0000)
	/usr/local/Cellar/go/1.16.2/libexec/src/net/http/server.go:2887 +0xa3
net/http.(*conn).serve(0xc0002a00a0, 0x150bae0, 0xc000038240)
	/usr/local/Cellar/go/1.16.2/libexec/src/net/http/server.go:1952 +0x8cd
created by net/http.(*Server).Serve
	/usr/local/Cellar/go/1.16.2/libexec/src/net/http/server.go:3013 +0x39b
2021/05/26 17:47:59 webserver.go:25: Defauting to port 8080
2021/05/26 17:47:59 webserver.go:27: Linstening on port 8080
2021/05/26 17:48:04 server.go:3139: http: panic serving [::1]:55615: open /index.html: no such file or directory
goroutine 20 [running]:
net/http.(*conn).serve.func1(0xc0001f2dc0)
	/usr/local/Cellar/go/1.16.2/libexec/src/net/http/server.go:1824 +0x153
panic(0x141e180, 0xc00030c510)
	/usr/local/Cellar/go/1.16.2/libexec/src/runtime/panic.go:971 +0x499
text/template.Must(...)
	/usr/local/Cellar/go/1.16.2/libexec/src/text/template/helper.go:25
snsall/app/controllers.generateHTML(0x150b160, 0xc00024e2a0, 0x0, 0x0, 0xc000135a88, 0x1, 0x1)
	/Users/keigo/Desktop/SNSALL/app/controllers/webserver.go:53 +0x505
snsall/app/controllers.index(0x150b160, 0xc00024e2a0, 0xc000212b00)
	/Users/keigo/Desktop/SNSALL/app/controllers/webserver.go:42 +0x1d1
net/http.HandlerFunc.ServeHTTP(0x14a1e88, 0x150b160, 0xc00024e2a0, 0xc000212b00)
	/usr/local/Cellar/go/1.16.2/libexec/src/net/http/server.go:2069 +0x44
net/http.(*ServeMux).ServeHTTP(0x1743c60, 0x150b160, 0xc00024e2a0, 0xc000212b00)
	/usr/local/Cellar/go/1.16.2/libexec/src/net/http/server.go:2448 +0x1ad
net/http.serverHandler.ServeHTTP(0xc00024e0e0, 0x150b160, 0xc00024e2a0, 0xc000212b00)
	/usr/local/Cellar/go/1.16.2/libexec/src/net/http/server.go:2887 +0xa3
net/http.(*conn).serve(0xc0001f2dc0, 0x150bc00, 0xc000214c80)
	/usr/local/Cellar/go/1.16.2/libexec/src/net/http/server.go:1952 +0x8cd
created by net/http.(*Server).Serve
	/usr/local/Cellar/go/1.16.2/libexec/src/net/http/server.go:3013 +0x39b
2021/05/26 17:48:05 server.go:3139: http: panic serving [::1]:55619: open /index.html: no such file or directory
goroutine 5 [running]:
net/http.(*conn).serve.func1(0xc0003080a0)
	/usr/local/Cellar/go/1.16.2/libexec/src/net/http/server.go:1824 +0x153
panic(0x141e180, 0xc00022b650)
	/usr/local/Cellar/go/1.16.2/libexec/src/runtime/panic.go:971 +0x499
text/template.Must(...)
	/usr/local/Cellar/go/1.16.2/libexec/src/text/template/helper.go:25
snsall/app/controllers.generateHTML(0x150b160, 0xc00033e0e0, 0x0, 0x0, 0xc000135a88, 0x1, 0x1)
	/Users/keigo/Desktop/SNSALL/app/controllers/webserver.go:53 +0x505
snsall/app/controllers.index(0x150b160, 0xc00033e0e0, 0xc00033c000)
	/Users/keigo/Desktop/SNSALL/app/controllers/webserver.go:42 +0x1d1
net/http.HandlerFunc.ServeHTTP(0x14a1e88, 0x150b160, 0xc00033e0e0, 0xc00033c000)
	/usr/local/Cellar/go/1.16.2/libexec/src/net/http/server.go:2069 +0x44
net/http.(*ServeMux).ServeHTTP(0x1743c60, 0x150b160, 0xc00033e0e0, 0xc00033c000)
	/usr/local/Cellar/go/1.16.2/libexec/src/net/http/server.go:2448 +0x1ad
net/http.serverHandler.ServeHTTP(0xc00024e0e0, 0x150b160, 0xc00033e0e0, 0xc00033c000)
	/usr/local/Cellar/go/1.16.2/libexec/src/net/http/server.go:2887 +0xa3
net/http.(*conn).serve(0xc0003080a0, 0x150bc00, 0xc000038140)
	/usr/local/Cellar/go/1.16.2/libexec/src/net/http/server.go:1952 +0x8cd
created by net/http.(*Server).Serve
	/usr/local/Cellar/go/1.16.2/libexec/src/net/http/server.go:3013 +0x39b
2021/05/26 17:48:10 server.go:3139: http: panic serving [::1]:55623: open /index.html: no such file or directory
goroutine 36 [running]:
net/http.(*conn).serve.func1(0xc0002b80a0)
	/usr/local/Cellar/go/1.16.2/libexec/src/net/http/server.go:1824 +0x153
panic(0x141e180, 0xc00030cf00)
	/usr/local/Cellar/go/1.16.2/libexec/src/runtime/panic.go:971 +0x499
text/template.Must(...)
	/usr/local/Cellar/go/1.16.2/libexec/src/text/template/helper.go:25
snsall/app/controllers.generateHTML(0x150b160, 0xc0002c40e0, 0x0, 0x0, 0xc000137a88, 0x1, 0x1)
	/Users/keigo/Desktop/SNSALL/app/controllers/webserver.go:53 +0x505
snsall/app/controllers.index(0x150b160, 0xc0002c40e0, 0xc0002c0000)
	/Users/keigo/Desktop/SNSALL/app/controllers/webserver.go:42 +0x1d1
net/http.HandlerFunc.ServeHTTP(0x14a1e88, 0x150b160, 0xc0002c40e0, 0xc0002c0000)
	/usr/local/Cellar/go/1.16.2/libexec/src/net/http/server.go:2069 +0x44
net/http.(*ServeMux).ServeHTTP(0x1743c60, 0x150b160, 0xc0002c40e0, 0xc0002c0000)
	/usr/local/Cellar/go/1.16.2/libexec/src/net/http/server.go:2448 +0x1ad
net/http.serverHandler.ServeHTTP(0xc00024e0e0, 0x150b160, 0xc0002c40e0, 0xc0002c0000)
	/usr/local/Cellar/go/1.16.2/libexec/src/net/http/server.go:2887 +0xa3
net/http.(*conn).serve(0xc0002b80a0, 0x150bc00, 0xc0002a2040)
	/usr/local/Cellar/go/1.16.2/libexec/src/net/http/server.go:1952 +0x8cd
created by net/http.(*Server).Serve
	/usr/local/Cellar/go/1.16.2/libexec/src/net/http/server.go:3013 +0x39b
2021/05/26 17:48:40 server.go:3139: http: panic serving [::1]:55629: open /index.html: no such file or directory
goroutine 14 [running]:
net/http.(*conn).serve.func1(0xc000308320)
	/usr/local/Cellar/go/1.16.2/libexec/src/net/http/server.go:1824 +0x153
panic(0x141e180, 0xc00030d770)
	/usr/local/Cellar/go/1.16.2/libexec/src/runtime/panic.go:971 +0x499
text/template.Must(...)
	/usr/local/Cellar/go/1.16.2/libexec/src/text/template/helper.go:25
snsall/app/controllers.generateHTML(0x150b160, 0xc00033e380, 0x0, 0x0, 0xc000137a88, 0x1, 0x1)
	/Users/keigo/Desktop/SNSALL/app/controllers/webserver.go:53 +0x505
snsall/app/controllers.index(0x150b160, 0xc00033e380, 0xc00033c500)
	/Users/keigo/Desktop/SNSALL/app/controllers/webserver.go:42 +0x1d1
net/http.HandlerFunc.ServeHTTP(0x14a1e88, 0x150b160, 0xc00033e380, 0xc00033c500)
	/usr/local/Cellar/go/1.16.2/libexec/src/net/http/server.go:2069 +0x44
net/http.(*ServeMux).ServeHTTP(0x1743c60, 0x150b160, 0xc00033e380, 0xc00033c500)
	/usr/local/Cellar/go/1.16.2/libexec/src/net/http/server.go:2448 +0x1ad
net/http.serverHandler.ServeHTTP(0xc00024e0e0, 0x150b160, 0xc00033e380, 0xc00033c500)
	/usr/local/Cellar/go/1.16.2/libexec/src/net/http/server.go:2887 +0xa3
net/http.(*conn).serve(0xc000308320, 0x150bc00, 0xc000038640)
	/usr/local/Cellar/go/1.16.2/libexec/src/net/http/server.go:1952 +0x8cd
created by net/http.(*Server).Serve
	/usr/local/Cellar/go/1.16.2/libexec/src/net/http/server.go:3013 +0x39b
2021/05/26 17:49:40 server.go:3139: http: panic serving [::1]:55634: open /index.html: no such file or directory
goroutine 46 [running]:
net/http.(*conn).serve.func1(0xc0002b81e0)
	/usr/local/Cellar/go/1.16.2/libexec/src/net/http/server.go:1824 +0x153
panic(0x141e180, 0xc00030dbc0)
	/usr/local/Cellar/go/1.16.2/libexec/src/runtime/panic.go:971 +0x499
text/template.Must(...)
	/usr/local/Cellar/go/1.16.2/libexec/src/text/template/helper.go:25
snsall/app/controllers.generateHTML(0x150b160, 0xc0002c4380, 0x0, 0x0, 0xc00034fa88, 0x1, 0x1)
	/Users/keigo/Desktop/SNSALL/app/controllers/webserver.go:53 +0x505
snsall/app/controllers.index(0x150b160, 0xc0002c4380, 0xc0002c0400)
	/Users/keigo/Desktop/SNSALL/app/controllers/webserver.go:42 +0x1d1
net/http.HandlerFunc.ServeHTTP(0x14a1e88, 0x150b160, 0xc0002c4380, 0xc0002c0400)
	/usr/local/Cellar/go/1.16.2/libexec/src/net/http/server.go:2069 +0x44
net/http.(*ServeMux).ServeHTTP(0x1743c60, 0x150b160, 0xc0002c4380, 0xc0002c0400)
	/usr/local/Cellar/go/1.16.2/libexec/src/net/http/server.go:2448 +0x1ad
net/http.serverHandler.ServeHTTP(0xc00024e0e0, 0x150b160, 0xc0002c4380, 0xc0002c0400)
	/usr/local/Cellar/go/1.16.2/libexec/src/net/http/server.go:2887 +0xa3
net/http.(*conn).serve(0xc0002b81e0, 0x150bc00, 0xc0002a2500)
	/usr/local/Cellar/go/1.16.2/libexec/src/net/http/server.go:1952 +0x8cd
created by net/http.(*Server).Serve
	/usr/local/Cellar/go/1.16.2/libexec/src/net/http/server.go:3013 +0x39b
2021/05/26 17:50:27 webserver.go:25: Defauting to port 8080
2021/05/26 17:50:27 webserver.go:27: Linstening on port 8080
2021/05/26 17:50:30 server.go:3139: http: panic serving [::1]:55644: open views/index.html: no such file or directory
goroutine 7 [running]:
net/http.(*conn).serve.func1(0xc0001cee60)
	/usr/local/Cellar/go/1.16.2/libexec/src/net/http/server.go:1824 +0x153
panic(0x141e180, 0xc0002845d0)
	/usr/local/Cellar/go/1.16.2/libexec/src/runtime/panic.go:971 +0x499
text/template.Must(...)
	/usr/local/Cellar/go/1.16.2/libexec/src/text/template/helper.go:25
snsall/app/controllers.generateHTML(0x150b160, 0xc00022a2a0, 0x0, 0x0, 0xc00012fa88, 0x1, 0x1)
	/Users/keigo/Desktop/SNSALL/app/controllers/webserver.go:53 +0x505
snsall/app/controllers.index(0x150b160, 0xc00022a2a0, 0xc0001ecb00)
	/Users/keigo/Desktop/SNSALL/app/controllers/webserver.go:42 +0x1d1
net/http.HandlerFunc.ServeHTTP(0x14a1e88, 0x150b160, 0xc00022a2a0, 0xc0001ecb00)
	/usr/local/Cellar/go/1.16.2/libexec/src/net/http/server.go:2069 +0x44
net/http.(*ServeMux).ServeHTTP(0x1743c60, 0x150b160, 0xc00022a2a0, 0xc0001ecb00)
	/usr/local/Cellar/go/1.16.2/libexec/src/net/http/server.go:2448 +0x1ad
net/http.serverHandler.ServeHTTP(0xc00022a0e0, 0x150b160, 0xc00022a2a0, 0xc0001ecb00)
	/usr/local/Cellar/go/1.16.2/libexec/src/net/http/server.go:2887 +0xa3
net/http.(*conn).serve(0xc0001cee60, 0x150bc00, 0xc0001eed00)
	/usr/local/Cellar/go/1.16.2/libexec/src/net/http/server.go:1952 +0x8cd
created by net/http.(*Server).Serve
	/usr/local/Cellar/go/1.16.2/libexec/src/net/http/server.go:3013 +0x39b
2021/05/26 17:51:45 webserver.go:25: Defauting to port 8080
2021/05/26 17:51:45 webserver.go:27: Linstening on port 8080
2021/05/26 18:08:07 webserver.go:25: Defauting to port 8080
2021/05/26 18:08:07 webserver.go:27: Linstening on port 8080
2021/05/27 17:12:08 webserver.go:25: Defauting to port 8080
2021/05/27 17:12:08 webserver.go:27: Linstening on port 8080
2021/05/27 17:13:55 webserver.go:25: Defauting to port 8080
2021/05/27 17:13:55 webserver.go:27: Linstening on port 8080
2021/05/27 17:15:02 webserver.go:25: Defauting to port 8080
2021/05/27 17:15:02 webserver.go:27: Linstening on port 8080
2021/05/27 17:15:40 webserver.go:25: Defauting to port 8080
2021/05/27 17:15:40 webserver.go:27: Linstening on port 8080
2021/05/27 17:16:15 webserver.go:25: Defauting to port 8080
2021/05/27 17:16:15 webserver.go:27: Linstening on port 8080
2021/05/27 17:16:40 webserver.go:25: Defauting to port 8080
2021/05/27 17:16:40 webserver.go:27: Linstening on port 8080
2021/05/27 17:25:18 webserver.go:25: Defauting to port 8080
2021/05/27 17:25:18 webserver.go:27: Linstening on port 8080
2021/05/27 17:25:41 webserver.go:25: Defauting to port 8080
2021/05/27 17:25:41 webserver.go:27: Linstening on port 8080
2021/05/27 17:26:27 webserver.go:25: Defauting to port 8080
2021/05/27 17:26:27 webserver.go:27: Linstening on port 8080
2021/05/27 17:27:18 webserver.go:25: Defauting to port 8080
2021/05/27 17:27:18 webserver.go:27: Linstening on port 8080
2021/05/27 17:27:28 webserver.go:25: Defauting to port 8080
2021/05/27 17:27:28 webserver.go:27: Linstening on port 8080
2021/05/27 17:29:42 webserver.go:25: デフォルトのポート 8080
2021/05/27 17:29:42 webserver.go:27: リッスンしているポート 8080
2021/05/27 17:33:36 webserver.go:25: デフォルトのポート 8080
2021/05/27 17:33:36 webserver.go:27: リッスンしているポート 8080
2021/05/27 17:34:40 webserver.go:25: デフォルトのポート 8080
2021/05/27 17:34:40 webserver.go:27: リッスンしているポート 8080
2021/05/27 17:35:05 webserver.go:25: デフォルトのポート 8080
2021/05/27 17:35:05 webserver.go:27: リッスンしているポート 8080
2021/05/27 17:36:10 webserver.go:25: デフォルトのポート 8080
2021/05/27 17:36:10 webserver.go:27: リッスンしているポート 8080
2021/05/27 17:38:18 webserver.go:25: デフォルトのポート 8080
2021/05/27 17:38:18 webserver.go:27: リッスンしているポート 8080
2021/05/27 17:38:42 webserver.go:25: デフォルトのポート 8080
2021/05/27 17:38:42 webserver.go:27: リッスンしているポート 8080
2021/05/27 17:38:44 server.go:3139: http: panic serving [::1]:62755: open apsp/views/index.html: no such file or directory
goroutine 7 [running]:
net/http.(*conn).serve.func1(0xc0001cee60)
	/usr/local/Cellar/go/1.16.2/libexec/src/net/http/server.go:1824 +0x153
panic(0x141e200, 0xc0004084e0)
	/usr/local/Cellar/go/1.16.2/libexec/src/runtime/panic.go:971 +0x499
text/template.Must(...)
	/usr/local/Cellar/go/1.16.2/libexec/src/text/template/helper.go:25
snsall/app/controllers.generateHTML(0x150b220, 0xc00022a2a0, 0x0, 0x0, 0xc00012fa88, 0x1, 0x1)
	/Users/keigo/Desktop/SNSALL/app/controllers/webserver.go:52 +0x505
snsall/app/controllers.index(0x150b220, 0xc00022a2a0, 0xc0001ecb00)
	/Users/keigo/Desktop/SNSALL/app/controllers/webserver.go:41 +0x1d8
net/http.HandlerFunc.ServeHTTP(0x14a1f48, 0x150b220, 0xc00022a2a0, 0xc0001ecb00)
	/usr/local/Cellar/go/1.16.2/libexec/src/net/http/server.go:2069 +0x44
net/http.(*ServeMux).ServeHTTP(0x1743c60, 0x150b220, 0xc00022a2a0, 0xc0001ecb00)
	/usr/local/Cellar/go/1.16.2/libexec/src/net/http/server.go:2448 +0x1ad
net/http.serverHandler.ServeHTTP(0xc00022a0e0, 0x150b220, 0xc00022a2a0, 0xc0001ecb00)
	/usr/local/Cellar/go/1.16.2/libexec/src/net/http/server.go:2887 +0xa3
net/http.(*conn).serve(0xc0001cee60, 0x150bcc0, 0xc0001eed00)
	/usr/local/Cellar/go/1.16.2/libexec/src/net/http/server.go:1952 +0x8cd
created by net/http.(*Server).Serve
	/usr/local/Cellar/go/1.16.2/libexec/src/net/http/server.go:3013 +0x39b
2021/05/27 17:38:45 server.go:3139: http: panic serving [::1]:62757: open apsp/views/index.html: no such file or directory
goroutine 35 [running]:
net/http.(*conn).serve.func1(0xc000344140)
	/usr/local/Cellar/go/1.16.2/libexec/src/net/http/server.go:1824 +0x153
panic(0x141e200, 0xc0004089f0)
	/usr/local/Cellar/go/1.16.2/libexec/src/runtime/panic.go:971 +0x499
text/template.Must(...)
	/usr/local/Cellar/go/1.16.2/libexec/src/text/template/helper.go:25
snsall/app/controllers.generateHTML(0x150b220, 0xc0000aa380, 0x0, 0x0, 0xc00012da88, 0x1, 0x1)
	/Users/keigo/Desktop/SNSALL/app/controllers/webserver.go:52 +0x505
snsall/app/controllers.index(0x150b220, 0xc0000aa380, 0xc0000dc300)
	/Users/keigo/Desktop/SNSALL/app/controllers/webserver.go:41 +0x1d8
net/http.HandlerFunc.ServeHTTP(0x14a1f48, 0x150b220, 0xc0000aa380, 0xc0000dc300)
	/usr/local/Cellar/go/1.16.2/libexec/src/net/http/server.go:2069 +0x44
net/http.(*ServeMux).ServeHTTP(0x1743c60, 0x150b220, 0xc0000aa380, 0xc0000dc300)
	/usr/local/Cellar/go/1.16.2/libexec/src/net/http/server.go:2448 +0x1ad
net/http.serverHandler.ServeHTTP(0xc00022a0e0, 0x150b220, 0xc0000aa380, 0xc0000dc300)
	/usr/local/Cellar/go/1.16.2/libexec/src/net/http/server.go:2887 +0xa3
net/http.(*conn).serve(0xc000344140, 0x150bcc0, 0xc00009ef80)
	/usr/local/Cellar/go/1.16.2/libexec/src/net/http/server.go:1952 +0x8cd
created by net/http.(*Server).Serve
	/usr/local/Cellar/go/1.16.2/libexec/src/net/http/server.go:3013 +0x39b
2021/05/27 17:38:51 webserver.go:25: デフォルトのポート 8080
2021/05/27 17:38:51 webserver.go:27: リッスンしているポート 8080
2021/05/27 17:43:26 webserver.go:25: デフォルトのポート 8080
2021/05/27 17:43:26 webserver.go:27: リッスンしているポート 8080
2021/05/27 17:44:44 webserver.go:25: デフォルトのポート 8080
2021/05/27 17:44:44 webserver.go:27: リッスンしているポート 8080
2021/05/27 17:45:27 webserver.go:25: デフォルトのポート 8080
2021/05/27 17:45:27 webserver.go:27: リッスンしているポート 8080
2021/05/27 17:48:05 webserver.go:25: デフォルトのポート 8080
2021/05/27 17:48:05 webserver.go:27: リッスンしているポート 8080
2021/05/27 17:48:46 webserver.go:25: デフォルトのポート 8080
2021/05/27 17:48:46 webserver.go:27: リッスンしているポート 8080
2021/05/27 17:49:07 webserver.go:25: デフォルトのポート 8080
2021/05/27 17:49:07 webserver.go:27: リッスンしているポート 8080
